d:\projects\upwork projects\2017_12_30(commandpro)\temp\webrtc-stack-sample-0.10\webrtc\c# sample\obj\x86\debug\webrtc.pch
d:\projects\upwork projects\2017_12_30(commandpro)\temp\webrtc-stack-sample-0.10\webrtc\c# sample\obj\x86\debug\vc140.pdb
d:\projects\upwork projects\2017_12_30(commandpro)\temp\webrtc-stack-sample-0.10\webrtc\c# sample\obj\x86\debug\vc140.idb
d:\projects\upwork projects\2017_12_30(commandpro)\temp\webrtc-stack-sample-0.10\webrtc\c# sample\obj\x86\debug\stdafx.obj
d:\projects\upwork projects\2017_12_30(commandpro)\temp\webrtc-stack-sample-0.10\webrtc\c# sample\obj\x86\debug\ilibcrypto.obj
d:\projects\upwork projects\2017_12_30(commandpro)\temp\webrtc-stack-sample-0.10\webrtc\c# sample\obj\x86\debug\ilibasyncserversocket.obj
d:\projects\upwork projects\2017_12_30(commandpro)\temp\webrtc-stack-sample-0.10\webrtc\c# sample\obj\x86\debug\ilibasyncsocket.obj
d:\projects\upwork projects\2017_12_30(commandpro)\temp\webrtc-stack-sample-0.10\webrtc\c# sample\obj\x86\debug\ilibasyncudpsocket.obj
d:\projects\upwork projects\2017_12_30(commandpro)\temp\webrtc-stack-sample-0.10\webrtc\c# sample\obj\x86\debug\ilibparsers.obj
d:\projects\upwork projects\2017_12_30(commandpro)\temp\webrtc-stack-sample-0.10\webrtc\c# sample\obj\x86\debug\ilibremotelogging.obj
d:\projects\upwork projects\2017_12_30(commandpro)\temp\webrtc-stack-sample-0.10\webrtc\c# sample\obj\x86\debug\ilibwebclient.obj
d:\projects\upwork projects\2017_12_30(commandpro)\temp\webrtc-stack-sample-0.10\webrtc\c# sample\obj\x86\debug\ilibwebrtc.obj
d:\projects\upwork projects\2017_12_30(commandpro)\temp\webrtc-stack-sample-0.10\webrtc\c# sample\obj\x86\debug\ilibwebserver.obj
d:\projects\upwork projects\2017_12_30(commandpro)\temp\webrtc-stack-sample-0.10\webrtc\c# sample\obj\x86\debug\ilibwrapperwebrtc.obj
d:\projects\upwork projects\2017_12_30(commandpro)\temp\webrtc-stack-sample-0.10\webrtc\c# sample\obj\x86\debug\dllmain.obj
d:\projects\upwork projects\2017_12_30(commandpro)\temp\webrtc-stack-sample-0.10\webrtc\c# sample\obj\x86\debug\webrtc.obj
d:\projects\upwork projects\2017_12_30(commandpro)\temp\webrtc-stack-sample-0.10\webrtc\c# sample\bin\x86\debug\webrtc.ilk
d:\projects\upwork projects\2017_12_30(commandpro)\temp\webrtc-stack-sample-0.10\webrtc\c# sample\bin\x86\debug\webrtc.dll
d:\projects\upwork projects\2017_12_30(commandpro)\temp\webrtc-stack-sample-0.10\webrtc\c# sample\bin\x86\debug\webrtc.pdb
d:\projects\upwork projects\2017_12_30(commandpro)\temp\webrtc-stack-sample-0.10\webrtc\c# sample\obj\x86\debug\webrtc.res
d:\projects\upwork projects\2017_12_30(commandpro)\temp\webrtc-stack-sample-0.10\webrtc\c# sample\bin\x86\debug\webrtc.lib
d:\projects\upwork projects\2017_12_30(commandpro)\temp\webrtc-stack-sample-0.10\webrtc\c# sample\bin\x86\debug\webrtc.exp
d:\projects\upwork projects\2017_12_30(commandpro)\temp\webrtc-stack-sample-0.10\webrtc\c# sample\obj\x86\debug\designtimeresolveassemblyreferences.cache
d:\projects\upwork projects\2017_12_30(commandpro)\temp\webrtc-stack-sample-0.10\webrtc\c# sample\obj\x86\debug\designtimeresolveassemblyreferencesinput.cache
d:\projects\upwork projects\2017_12_30(commandpro)\temp\webrtc-stack-sample-0.10\webrtc\\c# sample\bin\x86\debug\webrtc.pdb
d:\projects\upwork projects\2017_12_30(commandpro)\temp\webrtc-stack-sample-0.10\webrtc\\c# sample\bin\x86\debug\webrtc.dll
d:\projects\upwork projects\2017_12_30(commandpro)\temp\webrtc-stack-sample-0.10\webrtc\\c# sample\bin\x86\debug\webrtc.ilk
d:\projects\upwork projects\2017_12_30(commandpro)\temp\webrtc-stack-sample-0.10\webrtc\c# sample\obj\x86\debug\webrtc.tlog\cl.command.1.tlog
d:\projects\upwork projects\2017_12_30(commandpro)\temp\webrtc-stack-sample-0.10\webrtc\c# sample\obj\x86\debug\webrtc.tlog\cl.read.1.tlog
d:\projects\upwork projects\2017_12_30(commandpro)\temp\webrtc-stack-sample-0.10\webrtc\c# sample\obj\x86\debug\webrtc.tlog\cl.write.1.tlog
d:\projects\upwork projects\2017_12_30(commandpro)\temp\webrtc-stack-sample-0.10\webrtc\c# sample\obj\x86\debug\webrtc.tlog\link.command.1.tlog
d:\projects\upwork projects\2017_12_30(commandpro)\temp\webrtc-stack-sample-0.10\webrtc\c# sample\obj\x86\debug\webrtc.tlog\link.read.1.tlog
d:\projects\upwork projects\2017_12_30(commandpro)\temp\webrtc-stack-sample-0.10\webrtc\c# sample\obj\x86\debug\webrtc.tlog\link.write.1.tlog
d:\projects\upwork projects\2017_12_30(commandpro)\temp\webrtc-stack-sample-0.10\webrtc\c# sample\obj\x86\debug\webrtc.tlog\rc.command.1.tlog
d:\projects\upwork projects\2017_12_30(commandpro)\temp\webrtc-stack-sample-0.10\webrtc\c# sample\obj\x86\debug\webrtc.tlog\rc.read.1.tlog
d:\projects\upwork projects\2017_12_30(commandpro)\temp\webrtc-stack-sample-0.10\webrtc\c# sample\obj\x86\debug\webrtc.tlog\rc.write.1.tlog
d:\projects\upwork projects\2017_12_30(commandpro)\temp\webrtc-stack-sample-0.10\webrtc\c# sample\obj\x86\debug\webrtc.tlog\webrtc.write.1u.tlog
